<?xml version="1.0" encoding="UTF-8"?>
<testsuite name="com.careercrest.career_crest_backend.CareerCrestBackendApplicationTests" tests="1" skipped="0" failures="0" errors="0" timestamp="2024-10-24T22:15:17" hostname="Anushs-MacBook.local" time="0.841">
  <properties/>
  <testcase name="contextLoads()" classname="com.careercrest.career_crest_backend.CareerCrestBackendApplicationTests" time="0.841"/>
  <system-out><![CDATA[03:45:16.010 [Test worker] INFO org.springframework.test.context.support.AnnotationConfigContextLoaderUtils -- Could not detect default configuration classes for test class [com.careercrest.career_crest_backend.CareerCrestBackendApplicationTests]: CareerCrestBackendApplicationTests does not declare any static, non-private, non-final, nested classes annotated with @Configuration.
03:45:16.060 [Test worker] INFO org.springframework.boot.test.context.SpringBootTestContextBootstrapper -- Found @SpringBootConfiguration com.careercrest.career_crest_backend.CareerCrestBackendApplication for test class com.careercrest.career_crest_backend.CareerCrestBackendApplicationTests

  .   ____          _            __ _ _
 /\\ / ___'_ __ _ _(_)_ __  __ _ \ \ \ \
( ( )\___ | '_ | '_| | '_ \/ _` | \ \ \ \
 \\/  ___)| |_)| | | | | || (_| |  ) ) ) )
  '  |____| .__|_| |_|_| |_\__, | / / / /
 =========|_|==============|___/=/_/_/_/

 :: Spring Boot ::                (v3.3.4)

2024-10-25T03:45:16.324+05:30  INFO 11232 --- [career-crest-backend] [    Test worker] c.c.c.CareerCrestBackendApplicationTests : Starting CareerCrestBackendApplicationTests using Java 21.0.3 with PID 11232 (started by anushkrishna in /Users/anushkrishna/Documents/careercrest/career-crest-backend)
2024-10-25T03:45:16.325+05:30  INFO 11232 --- [career-crest-backend] [    Test worker] c.c.c.CareerCrestBackendApplicationTests : No active profile set, falling back to 1 default profile: "default"
2024-10-25T03:45:17.383+05:30  INFO 11232 --- [career-crest-backend] [    Test worker] c.c.c.CareerCrestBackendApplicationTests : Started CareerCrestBackendApplicationTests in 1.22 seconds (process running for 1.791)
]]></system-out>
  <system-err><![CDATA[WARNING: A Java agent has been loaded dynamically (/Users/anushkrishna/.gradle/caches/modules-2/files-2.1/net.bytebuddy/byte-buddy-agent/1.14.19/154da3a65b4f4a909d3e5bdec55d1b2b4cbb6ce1/byte-buddy-agent-1.14.19.jar)
WARNING: If a serviceability tool is in use, please run with -XX:+EnableDynamicAgentLoading to hide this warning
WARNING: If a serviceability tool is not in use, please run with -Djdk.instrument.traceUsage for more information
WARNING: Dynamic loading of agents will be disallowed by default in a future release
]]></system-err>
</testsuite>
